YOLOv9c-seg summary: 654 layers, 27,897,120 parameters, 0 gradients, 159.4 GFLOPs
Ultralytics 8.3.63 🚀 Python-3.10.12 torch-2.5.1+cu124 CUDA:0 (NVIDIA GeForce RTX 4050 Laptop GPU, 5890MiB)
[34m[1mengine/trainer: [0mtask=segment, mode=train, model=yolov9c-seg.pt, data=data.yaml, epochs=100, time=None, patience=100, batch=4, imgsz=640, save=True, save_period=-1, cache=False, device=None, workers=8, project=None, name=train2, exist_ok=False, pretrained=True, optimizer=auto, verbose=True, seed=0, deterministic=True, single_cls=False, rect=False, cos_lr=False, close_mosaic=10, resume=False, amp=True, fraction=1.0, profile=False, freeze=None, multi_scale=False, overlap_mask=True, mask_ratio=4, dropout=0.0, val=True, split=val, save_json=False, save_hybrid=False, conf=None, iou=0.7, max_det=300, half=False, dnn=False, plots=True, source=None, vid_stride=1, stream_buffer=False, visualize=False, augment=False, agnostic_nms=False, classes=None, retina_masks=False, embed=None, show=False, save_frames=False, save_txt=False, save_conf=False, save_crop=False, show_labels=True, show_conf=True, show_boxes=True, line_width=None, format=torchscript, keras=False, optimize=False, int8=False, dynamic=False, simplify=True, opset=None, workspace=None, nms=False, lr0=0.01, lrf=0.01, momentum=0.937, weight_decay=0.0005, warmup_epochs=3.0, warmup_momentum=0.8, warmup_bias_lr=0.1, box=7.5, cls=0.5, dfl=1.5, pose=12.0, kobj=1.0, nbs=64, hsv_h=0.015, hsv_s=0.7, hsv_v=0.4, degrees=0.0, translate=0.1, scale=0.5, shear=0.0, perspective=0.0, flipud=0.0, fliplr=0.5, bgr=0.0, mosaic=1.0, mixup=0.0, copy_paste=0.0, copy_paste_mode=flip, auto_augment=randaugment, erasing=0.4, crop_fraction=1.0, cfg=None, tracker=botsort.yaml, save_dir=runs/segment/train2
Overriding model.yaml nc=80 with nc=4

                   from  n    params  module                                       arguments                     
  0                  -1  1      1856  ultralytics.nn.modules.conv.Conv             [3, 64, 3, 2]                 
  1                  -1  1     73984  ultralytics.nn.modules.conv.Conv             [64, 128, 3, 2]               
  2                  -1  1    212864  ultralytics.nn.modules.block.RepNCSPELAN4    [128, 256, 128, 64, 1]        
  3                  -1  1    164352  ultralytics.nn.modules.block.ADown           [256, 256]                    
  4                  -1  1    847616  ultralytics.nn.modules.block.RepNCSPELAN4    [256, 512, 256, 128, 1]       
  5                  -1  1    656384  ultralytics.nn.modules.block.ADown           [512, 512]                    
  6                  -1  1   2857472  ultralytics.nn.modules.block.RepNCSPELAN4    [512, 512, 512, 256, 1]       
  7                  -1  1    656384  ultralytics.nn.modules.block.ADown           [512, 512]                    
  8                  -1  1   2857472  ultralytics.nn.modules.block.RepNCSPELAN4    [512, 512, 512, 256, 1]       
  9                  -1  1    656896  ultralytics.nn.modules.block.SPPELAN         [512, 512, 256]               
 10                  -1  1         0  torch.nn.modules.upsampling.Upsample         [None, 2, 'nearest']          
 11             [-1, 6]  1         0  ultralytics.nn.modules.conv.Concat           [1]                           
 12                  -1  1   3119616  ultralytics.nn.modules.block.RepNCSPELAN4    [1024, 512, 512, 256, 1]      
 13                  -1  1         0  torch.nn.modules.upsampling.Upsample         [None, 2, 'nearest']          
 14             [-1, 4]  1         0  ultralytics.nn.modules.conv.Concat           [1]                           
 15                  -1  1    912640  ultralytics.nn.modules.block.RepNCSPELAN4    [1024, 256, 256, 128, 1]      
 16                  -1  1    164352  ultralytics.nn.modules.block.ADown           [256, 256]                    
 17            [-1, 12]  1         0  ultralytics.nn.modules.conv.Concat           [1]                           
 18                  -1  1   2988544  ultralytics.nn.modules.block.RepNCSPELAN4    [768, 512, 512, 256, 1]       
 19                  -1  1    656384  ultralytics.nn.modules.block.ADown           [512, 512]                    
 20             [-1, 9]  1         0  ultralytics.nn.modules.conv.Concat           [1]                           
 21                  -1  1   3119616  ultralytics.nn.modules.block.RepNCSPELAN4    [1024, 512, 512, 256, 1]      
 22        [15, 18, 21]  1   7892092  ultralytics.nn.modules.head.Segment          [4, 32, 256, [256, 512, 512]] 
YOLOv9c-seg summary: 654 layers, 27,838,524 parameters, 27,838,508 gradients, 159.1 GFLOPs

Transferred 993/999 items from pretrained weights
Freezing layer 'model.22.dfl.conv.weight'
[34m[1mAMP: [0mrunning Automatic Mixed Precision (AMP) checks...
[34m[1mAMP: [0mchecks passed ✅
Plotting labels to runs/segment/train2/labels.jpg... 
[34m[1moptimizer:[0m 'optimizer=auto' found, ignoring 'lr0=0.01' and 'momentum=0.937' and determining best 'optimizer', 'lr0' and 'momentum' automatically... 
[34m[1moptimizer:[0m AdamW(lr=0.00125, momentum=0.9) with parameter groups 163 weight(decay=0.0), 174 weight(decay=0.0005), 173 bias(decay=0.0)
Image sizes 640 train, 640 val
Using 8 dataloader workers
Logging results to [1mruns/segment/train2[0m
Starting training for 100 epochs...

      Epoch    GPU_mem   box_loss   seg_loss   cls_loss   dfl_loss  Instances       Size
                   all        195        241      0.437      0.667       0.53      0.387      0.419      0.638      0.486      0.156

      Epoch    GPU_mem   box_loss   seg_loss   cls_loss   dfl_loss  Instances       Size
                   all        195        241      0.557      0.815      0.722      0.646      0.556      0.812      0.717      0.677

      Epoch    GPU_mem   box_loss   seg_loss   cls_loss   dfl_loss  Instances       Size
                   all        195        241      0.617      0.796      0.743      0.665      0.611      0.786      0.731      0.678

      Epoch    GPU_mem   box_loss   seg_loss   cls_loss   dfl_loss  Instances       Size
                   all        195        241      0.698      0.707      0.755      0.674      0.694      0.705      0.748      0.703

      Epoch    GPU_mem   box_loss   seg_loss   cls_loss   dfl_loss  Instances       Size
                   all        195        241      0.668      0.761      0.816      0.744      0.716      0.677        0.8      0.759

      Epoch    GPU_mem   box_loss   seg_loss   cls_loss   dfl_loss  Instances       Size
                   all        195        241      0.766      0.865      0.872       0.82      0.751      0.849      0.856      0.806

      Epoch    GPU_mem   box_loss   seg_loss   cls_loss   dfl_loss  Instances       Size
                   all        195        241      0.812      0.806      0.878      0.818      0.783      0.833      0.873      0.829

      Epoch    GPU_mem   box_loss   seg_loss   cls_loss   dfl_loss  Instances       Size
                   all        195        241      0.728      0.826       0.89       0.84      0.718      0.798      0.879      0.829

      Epoch    GPU_mem   box_loss   seg_loss   cls_loss   dfl_loss  Instances       Size
                   all        195        241      0.916      0.821      0.919      0.874      0.915      0.815      0.907      0.871

      Epoch    GPU_mem   box_loss   seg_loss   cls_loss   dfl_loss  Instances       Size
                   all        195        241      0.857      0.818      0.905      0.855      0.851      0.811      0.892      0.858

      Epoch    GPU_mem   box_loss   seg_loss   cls_loss   dfl_loss  Instances       Size
                   all        195        241      0.821      0.895      0.931      0.894      0.817      0.886      0.925      0.883

      Epoch    GPU_mem   box_loss   seg_loss   cls_loss   dfl_loss  Instances       Size
                   all        195        241      0.827      0.793      0.878      0.834      0.824      0.785      0.868      0.831

      Epoch    GPU_mem   box_loss   seg_loss   cls_loss   dfl_loss  Instances       Size
                   all        195        241      0.871      0.874      0.932      0.898      0.867      0.877       0.93      0.881

      Epoch    GPU_mem   box_loss   seg_loss   cls_loss   dfl_loss  Instances       Size
                   all        195        241      0.878      0.839      0.928       0.89      0.878      0.839      0.926      0.881

      Epoch    GPU_mem   box_loss   seg_loss   cls_loss   dfl_loss  Instances       Size
                   all        195        241      0.869      0.875      0.934      0.893      0.867      0.871      0.925      0.885

      Epoch    GPU_mem   box_loss   seg_loss   cls_loss   dfl_loss  Instances       Size
                   all        195        241      0.845      0.867      0.929      0.885      0.845      0.867      0.928      0.886

      Epoch    GPU_mem   box_loss   seg_loss   cls_loss   dfl_loss  Instances       Size
                   all        195        241      0.913      0.888       0.94      0.906      0.911      0.888      0.937      0.894

      Epoch    GPU_mem   box_loss   seg_loss   cls_loss   dfl_loss  Instances       Size
                   all        195        241      0.933      0.909      0.943      0.915       0.93      0.907       0.94      0.906

      Epoch    GPU_mem   box_loss   seg_loss   cls_loss   dfl_loss  Instances       Size
                   all        195        241      0.893      0.893      0.934      0.906      0.893      0.893      0.935      0.897

      Epoch    GPU_mem   box_loss   seg_loss   cls_loss   dfl_loss  Instances       Size
                   all        195        241      0.943      0.896      0.945      0.911      0.939      0.894       0.94      0.901

      Epoch    GPU_mem   box_loss   seg_loss   cls_loss   dfl_loss  Instances       Size
                   all        195        241      0.941      0.877      0.944      0.903      0.938      0.875      0.936      0.898

      Epoch    GPU_mem   box_loss   seg_loss   cls_loss   dfl_loss  Instances       Size
                   all        195        241      0.903      0.887      0.938      0.901      0.903      0.887      0.936      0.899

      Epoch    GPU_mem   box_loss   seg_loss   cls_loss   dfl_loss  Instances       Size
                   all        195        241      0.881       0.89      0.935      0.896      0.878      0.887       0.93      0.894

      Epoch    GPU_mem   box_loss   seg_loss   cls_loss   dfl_loss  Instances       Size
                   all        195        241      0.884      0.906      0.942       0.91      0.884      0.906       0.94      0.898

      Epoch    GPU_mem   box_loss   seg_loss   cls_loss   dfl_loss  Instances       Size
                   all        195        241      0.908      0.889      0.943       0.91      0.905      0.887      0.938      0.904

      Epoch    GPU_mem   box_loss   seg_loss   cls_loss   dfl_loss  Instances       Size
                   all        195        241      0.923      0.906      0.943       0.91      0.918      0.906      0.948      0.907

      Epoch    GPU_mem   box_loss   seg_loss   cls_loss   dfl_loss  Instances       Size
                   all        195        241      0.916       0.88      0.936      0.906      0.916       0.88      0.936      0.898

      Epoch    GPU_mem   box_loss   seg_loss   cls_loss   dfl_loss  Instances       Size
                   all        195        241      0.914      0.893      0.941      0.912      0.911       0.89      0.935      0.903

      Epoch    GPU_mem   box_loss   seg_loss   cls_loss   dfl_loss  Instances       Size
                   all        195        241      0.918      0.887      0.943      0.908      0.918      0.887      0.943      0.902

      Epoch    GPU_mem   box_loss   seg_loss   cls_loss   dfl_loss  Instances       Size
                   all        195        241      0.876      0.849      0.929      0.896       0.87      0.844      0.919      0.891

      Epoch    GPU_mem   box_loss   seg_loss   cls_loss   dfl_loss  Instances       Size
                   all        195        241      0.857      0.917      0.944      0.919      0.854      0.919      0.946      0.912

      Epoch    GPU_mem   box_loss   seg_loss   cls_loss   dfl_loss  Instances       Size
                   all        195        241      0.909      0.912      0.947      0.923      0.909      0.912      0.946      0.914

      Epoch    GPU_mem   box_loss   seg_loss   cls_loss   dfl_loss  Instances       Size
                   all        195        241      0.926      0.863      0.942      0.916      0.926      0.863      0.947      0.915

      Epoch    GPU_mem   box_loss   seg_loss   cls_loss   dfl_loss  Instances       Size
                   all        195        241      0.914      0.895      0.941      0.915      0.914      0.895      0.941      0.906

      Epoch    GPU_mem   box_loss   seg_loss   cls_loss   dfl_loss  Instances       Size
                   all        195        241      0.945      0.894      0.945      0.915      0.945      0.894      0.944      0.908

      Epoch    GPU_mem   box_loss   seg_loss   cls_loss   dfl_loss  Instances       Size
                   all        195        241      0.954      0.892       0.95      0.926      0.954      0.892       0.95      0.913

      Epoch    GPU_mem   box_loss   seg_loss   cls_loss   dfl_loss  Instances       Size
                   all        195        241      0.916        0.9      0.938      0.909      0.922      0.892      0.937      0.906

      Epoch    GPU_mem   box_loss   seg_loss   cls_loss   dfl_loss  Instances       Size
                   all        195        241      0.932      0.895       0.95       0.92      0.929      0.892      0.947       0.91

      Epoch    GPU_mem   box_loss   seg_loss   cls_loss   dfl_loss  Instances       Size
                   all        195        241      0.928      0.891      0.947      0.923      0.928      0.891      0.947      0.914

      Epoch    GPU_mem   box_loss   seg_loss   cls_loss   dfl_loss  Instances       Size
                   all        195        241      0.943       0.89      0.949      0.921      0.939      0.888      0.947      0.913

      Epoch    GPU_mem   box_loss   seg_loss   cls_loss   dfl_loss  Instances       Size
                   all        195        241      0.896      0.923      0.947      0.923      0.896      0.923      0.947       0.91

      Epoch    GPU_mem   box_loss   seg_loss   cls_loss   dfl_loss  Instances       Size
                   all        195        241      0.844      0.878      0.935      0.907      0.901      0.816       0.93      0.896

      Epoch    GPU_mem   box_loss   seg_loss   cls_loss   dfl_loss  Instances       Size
                   all        195        241      0.919        0.9      0.937      0.913      0.919        0.9      0.936      0.907

      Epoch    GPU_mem   box_loss   seg_loss   cls_loss   dfl_loss  Instances       Size
                   all        195        241      0.918      0.913       0.94      0.916      0.918      0.913      0.938      0.913

      Epoch    GPU_mem   box_loss   seg_loss   cls_loss   dfl_loss  Instances       Size
                   all        195        241      0.932      0.899      0.942      0.914      0.933      0.901      0.942      0.914

      Epoch    GPU_mem   box_loss   seg_loss   cls_loss   dfl_loss  Instances       Size
                   all        195        241      0.929      0.918      0.954      0.925      0.926      0.915      0.951      0.923

      Epoch    GPU_mem   box_loss   seg_loss   cls_loss   dfl_loss  Instances       Size
                   all        195        241      0.926      0.901      0.944      0.917      0.926      0.901      0.944      0.916

      Epoch    GPU_mem   box_loss   seg_loss   cls_loss   dfl_loss  Instances       Size
                   all        195        241       0.92      0.912       0.95      0.926      0.918      0.909      0.946       0.92

      Epoch    GPU_mem   box_loss   seg_loss   cls_loss   dfl_loss  Instances       Size
                   all        195        241      0.921       0.92       0.95      0.925      0.921       0.92      0.949      0.922

      Epoch    GPU_mem   box_loss   seg_loss   cls_loss   dfl_loss  Instances       Size
                   all        195        241      0.951      0.909      0.944       0.92      0.956      0.913      0.948      0.921

      Epoch    GPU_mem   box_loss   seg_loss   cls_loss   dfl_loss  Instances       Size
                   all        195        241      0.931      0.909      0.946      0.919      0.928      0.906      0.945      0.916

      Epoch    GPU_mem   box_loss   seg_loss   cls_loss   dfl_loss  Instances       Size
                   all        195        241       0.94      0.887      0.949      0.921       0.94      0.887      0.948      0.916

      Epoch    GPU_mem   box_loss   seg_loss   cls_loss   dfl_loss  Instances       Size
                   all        195        241      0.912      0.927      0.949      0.927      0.912      0.927      0.949      0.921

      Epoch    GPU_mem   box_loss   seg_loss   cls_loss   dfl_loss  Instances       Size
                   all        195        241      0.919      0.897      0.941      0.912      0.919      0.897      0.941      0.914

      Epoch    GPU_mem   box_loss   seg_loss   cls_loss   dfl_loss  Instances       Size
                   all        195        241      0.934        0.9      0.953      0.924      0.934        0.9      0.952      0.916

      Epoch    GPU_mem   box_loss   seg_loss   cls_loss   dfl_loss  Instances       Size
                   all        195        241      0.874      0.912      0.923      0.894      0.872      0.909      0.922      0.895

      Epoch    GPU_mem   box_loss   seg_loss   cls_loss   dfl_loss  Instances       Size
                   all        195        241      0.899      0.889      0.941      0.917      0.901      0.887       0.94      0.911

      Epoch    GPU_mem   box_loss   seg_loss   cls_loss   dfl_loss  Instances       Size
                   all        195        241      0.923      0.905       0.95      0.926      0.923      0.905      0.951      0.924

      Epoch    GPU_mem   box_loss   seg_loss   cls_loss   dfl_loss  Instances       Size
                   all        195        241      0.904      0.925      0.947      0.923      0.904      0.925      0.948      0.922

      Epoch    GPU_mem   box_loss   seg_loss   cls_loss   dfl_loss  Instances       Size
                   all        195        241      0.934      0.902      0.953       0.92      0.934      0.902      0.953      0.923

      Epoch    GPU_mem   box_loss   seg_loss   cls_loss   dfl_loss  Instances       Size
                   all        195        241      0.919      0.928      0.951      0.926      0.916      0.925      0.946      0.923

      Epoch    GPU_mem   box_loss   seg_loss   cls_loss   dfl_loss  Instances       Size
                   all        195        241      0.917      0.924      0.946      0.924      0.917      0.924      0.948      0.922

      Epoch    GPU_mem   box_loss   seg_loss   cls_loss   dfl_loss  Instances       Size
                   all        195        241      0.927      0.902      0.948      0.922      0.927      0.902      0.948      0.919

      Epoch    GPU_mem   box_loss   seg_loss   cls_loss   dfl_loss  Instances       Size
                   all        195        241       0.92      0.912      0.951      0.926       0.92      0.912       0.95      0.924

      Epoch    GPU_mem   box_loss   seg_loss   cls_loss   dfl_loss  Instances       Size
                   all        195        241       0.94      0.929      0.953      0.926      0.937      0.926       0.95      0.924

      Epoch    GPU_mem   box_loss   seg_loss   cls_loss   dfl_loss  Instances       Size
                   all        195        241      0.927      0.922      0.948      0.923      0.924      0.919      0.946      0.919

      Epoch    GPU_mem   box_loss   seg_loss   cls_loss   dfl_loss  Instances       Size
                   all        195        241      0.942      0.889      0.949      0.927      0.939      0.887      0.946      0.921

      Epoch    GPU_mem   box_loss   seg_loss   cls_loss   dfl_loss  Instances       Size
                   all        195        241      0.926      0.908      0.939      0.919      0.924      0.906      0.936      0.911

      Epoch    GPU_mem   box_loss   seg_loss   cls_loss   dfl_loss  Instances       Size
                   all        195        241      0.905      0.906      0.944      0.927      0.903      0.906      0.945      0.921

      Epoch    GPU_mem   box_loss   seg_loss   cls_loss   dfl_loss  Instances       Size
                   all        195        241      0.926      0.885      0.944      0.921      0.924      0.882      0.941      0.916

      Epoch    GPU_mem   box_loss   seg_loss   cls_loss   dfl_loss  Instances       Size
                   all        195        241      0.937      0.928      0.947      0.921      0.934      0.934      0.949      0.927

      Epoch    GPU_mem   box_loss   seg_loss   cls_loss   dfl_loss  Instances       Size
                   all        195        241      0.945       0.93      0.944      0.919      0.945       0.93      0.945       0.92

      Epoch    GPU_mem   box_loss   seg_loss   cls_loss   dfl_loss  Instances       Size
                   all        195        241       0.93      0.926      0.947       0.91      0.927      0.923      0.943      0.922

      Epoch    GPU_mem   box_loss   seg_loss   cls_loss   dfl_loss  Instances       Size
                   all        195        241      0.908      0.898      0.942      0.916      0.905      0.896      0.943      0.922

      Epoch    GPU_mem   box_loss   seg_loss   cls_loss   dfl_loss  Instances       Size
                   all        195        241      0.918      0.918      0.944      0.893      0.918      0.918      0.947      0.924

      Epoch    GPU_mem   box_loss   seg_loss   cls_loss   dfl_loss  Instances       Size
                   all        195        241      0.948      0.922      0.946      0.844      0.948      0.922       0.95      0.929

      Epoch    GPU_mem   box_loss   seg_loss   cls_loss   dfl_loss  Instances       Size
                   all        195        241      0.925      0.927      0.941      0.913      0.925      0.927      0.944      0.921

      Epoch    GPU_mem   box_loss   seg_loss   cls_loss   dfl_loss  Instances       Size
                   all        195        241      0.917      0.931      0.944      0.923      0.917      0.931      0.943      0.922

      Epoch    GPU_mem   box_loss   seg_loss   cls_loss   dfl_loss  Instances       Size
                   all        195        241      0.927      0.926      0.951      0.932      0.927      0.926       0.95       0.93

      Epoch    GPU_mem   box_loss   seg_loss   cls_loss   dfl_loss  Instances       Size
                   all        195        241      0.917      0.928      0.949       0.93      0.917      0.928      0.952      0.929

      Epoch    GPU_mem   box_loss   seg_loss   cls_loss   dfl_loss  Instances       Size
                   all        195        241       0.94      0.918      0.942      0.925       0.94      0.918      0.944      0.921

      Epoch    GPU_mem   box_loss   seg_loss   cls_loss   dfl_loss  Instances       Size
                   all        195        241      0.944      0.882      0.948       0.93      0.944      0.882      0.952      0.929

      Epoch    GPU_mem   box_loss   seg_loss   cls_loss   dfl_loss  Instances       Size
                   all        195        241      0.952      0.907      0.947       0.93      0.952      0.907       0.95      0.928

      Epoch    GPU_mem   box_loss   seg_loss   cls_loss   dfl_loss  Instances       Size
                   all        195        241      0.961      0.914      0.947      0.929      0.961      0.914      0.947      0.927

      Epoch    GPU_mem   box_loss   seg_loss   cls_loss   dfl_loss  Instances       Size
                   all        195        241       0.95      0.916      0.954      0.937       0.95      0.916      0.954      0.935

      Epoch    GPU_mem   box_loss   seg_loss   cls_loss   dfl_loss  Instances       Size
                   all        195        241      0.948      0.911      0.948      0.926      0.948      0.911      0.951       0.93

      Epoch    GPU_mem   box_loss   seg_loss   cls_loss   dfl_loss  Instances       Size
                   all        195        241      0.947      0.913      0.951      0.924      0.947      0.913      0.954      0.929

      Epoch    GPU_mem   box_loss   seg_loss   cls_loss   dfl_loss  Instances       Size
                   all        195        241      0.937      0.893      0.947      0.922      0.937      0.893       0.95       0.93

      Epoch    GPU_mem   box_loss   seg_loss   cls_loss   dfl_loss  Instances       Size
                   all        195        241      0.933      0.915      0.944      0.919      0.933      0.915      0.947      0.927

      Epoch    GPU_mem   box_loss   seg_loss   cls_loss   dfl_loss  Instances       Size
                   all        195        241      0.918      0.924      0.952      0.934      0.918      0.924      0.952      0.934
Closing dataloader mosaic

      Epoch    GPU_mem   box_loss   seg_loss   cls_loss   dfl_loss  Instances       Size
                   all        195        241      0.929      0.908      0.946       0.93      0.929      0.908      0.948      0.931

      Epoch    GPU_mem   box_loss   seg_loss   cls_loss   dfl_loss  Instances       Size
                   all        195        241      0.925      0.926      0.944       0.93      0.925      0.926      0.946      0.929

      Epoch    GPU_mem   box_loss   seg_loss   cls_loss   dfl_loss  Instances       Size
                   all        195        241      0.944      0.917      0.949      0.932      0.944      0.917      0.953      0.932

      Epoch    GPU_mem   box_loss   seg_loss   cls_loss   dfl_loss  Instances       Size
                   all        195        241      0.941      0.921      0.951      0.934      0.938      0.918       0.95      0.933

      Epoch    GPU_mem   box_loss   seg_loss   cls_loss   dfl_loss  Instances       Size
                   all        195        241      0.941      0.925       0.95      0.935      0.941      0.925      0.951      0.931

      Epoch    GPU_mem   box_loss   seg_loss   cls_loss   dfl_loss  Instances       Size
                   all        195        241      0.934      0.926      0.948      0.933      0.934      0.926      0.952      0.931

      Epoch    GPU_mem   box_loss   seg_loss   cls_loss   dfl_loss  Instances       Size
                   all        195        241       0.94      0.927       0.95      0.934       0.94      0.927      0.953      0.933

      Epoch    GPU_mem   box_loss   seg_loss   cls_loss   dfl_loss  Instances       Size
                   all        195        241      0.949      0.924      0.949      0.933       0.95      0.925      0.951      0.931

      Epoch    GPU_mem   box_loss   seg_loss   cls_loss   dfl_loss  Instances       Size
                   all        195        241      0.935      0.931      0.948      0.934      0.935      0.931      0.949       0.93

      Epoch    GPU_mem   box_loss   seg_loss   cls_loss   dfl_loss  Instances       Size
                   all        195        241      0.928      0.932      0.951      0.932      0.928      0.932      0.952      0.932

100 epochs completed in 3.310 hours.
Optimizer stripped from runs/segment/train2/weights/last.pt, 56.2MB
Optimizer stripped from runs/segment/train2/weights/best.pt, 56.2MB

Validating runs/segment/train2/weights/best.pt...
Ultralytics 8.3.63 🚀 Python-3.10.12 torch-2.5.1+cu124 CUDA:0 (NVIDIA GeForce RTX 4050 Laptop GPU, 5890MiB)
YOLOv9c-seg summary (fused): 411 layers, 27,627,612 parameters, 0 gradients, 157.6 GFLOPs
                   all        195        241      0.951      0.916      0.954      0.937      0.951      0.916      0.954      0.935
            Cercospora         37         38      0.972      0.916      0.945      0.942      0.972      0.916      0.945       0.94
               Healthy         56         94      0.854       0.83      0.908      0.856      0.854       0.83      0.905      0.842
                 Phoma         54         54      0.995          1      0.995      0.995      0.995          1      0.995      0.995
                  Rust         52         55      0.981      0.916       0.97      0.955      0.981      0.916       0.97      0.962
Speed: 0.3ms preprocess, 17.8ms inference, 0.0ms loss, 0.4ms postprocess per image
Results saved to [1mruns/segment/train[0m
